# JRE version: OpenJDK Runtime Environment (11.0.13) (build 11.0.13+0-b1751.21-8125866)
# Java VM: OpenJDK 64-Bit Server VM (11.0.13+0-b1751.21-8125866, mixed mode, tiered, compressed oops, g1 gc, windows-amd64)
Heap:
 garbage-first heap   total 391168K, used 292726K [0x0000000080000000, 0x0000000100000000)
  region size 1024K, 95 young (97280K), 1 survivors (1024K)
 Metaspace       used 144072K, capacity 148051K, committed 148272K, reserved 1177600K
  class space    used 17824K, capacity 19252K, committed 19328K, reserved 1048576K
GC Heap History (20 events):
Event: 1014.926 GC heap before
{Heap before GC invocations=121 (full 0):
 garbage-first heap   total 248832K, used 225457K [0x0000000080000000, 0x0000000100000000)
  region size 1024K, 12 young (12288K), 2 survivors (2048K)
 Metaspace       used 125271K, capacity 128803K, committed 129072K, reserved 1161216K
  class space    used 15720K, capacity 16963K, committed 17024K, reserved 1048576K
}
Event: 1014.960 GC heap after
{Heap after GC invocations=122 (full 0):
 garbage-first heap   total 248832K, used 216982K [0x0000000080000000, 0x0000000100000000)
  region size 1024K, 2 young (2048K), 2 survivors (2048K)
 Metaspace       used 125271K, capacity 128803K, committed 129072K, reserved 1161216K
  class space    used 15720K, capacity 16963K, committed 17024K, reserved 1048576K
}
Event: 1014.976 GC heap before
{Heap before GC invocations=122 (full 0):
 garbage-first heap   total 248832K, used 216982K [0x0000000080000000, 0x0000000100000000)
  region size 1024K, 4 young (4096K), 2 survivors (2048K)
 Metaspace       used 125271K, capacity 128803K, committed 129072K, reserved 1161216K
  class space    used 15720K, capacity 16963K, committed 17024K, reserved 1048576K
}
Event: 1014.994 GC heap after
{Heap after GC invocations=123 (full 0):
 garbage-first heap   total 391168K, used 218896K [0x0000000080000000, 0x0000000100000000)
  region size 1024K, 2 young (2048K), 2 survivors (2048K)
 Metaspace       used 125271K, capacity 128803K, committed 129072K, reserved 1161216K
  class space    used 15720K, capacity 16963K, committed 17024K, reserved 1048576K
}
Event: 1016.769 GC heap before
{Heap before GC invocations=124 (full 0):
 garbage-first heap   total 391168K, used 280336K [0x0000000080000000, 0x0000000100000000)
  region size 1024K, 47 young (48128K), 2 survivors (2048K)
 Metaspace       used 127075K, capacity 130681K, committed 130992K, reserved 1163264K
  class space    used 15855K, capacity 17094K, committed 17152K, reserved 1048576K
}
Event: 1016.781 GC heap after
{Heap after GC invocations=125 (full 0):
 garbage-first heap   total 391168K, used 225789K [0x0000000080000000, 0x0000000100000000)
  region size 1024K, 6 young (6144K), 6 survivors (6144K)
 Metaspace       used 127075K, capacity 130681K, committed 130992K, reserved 1163264K
  class space    used 15855K, capacity 17094K, committed 17152K, reserved 1048576K
}
Event: 1017.444 GC heap before
{Heap before GC invocations=125 (full 0):
 garbage-first heap   total 391168K, used 274941K [0x0000000080000000, 0x0000000100000000)
  region size 1024K, 54 young (55296K), 6 survivors (6144K)
 Metaspace       used 129499K, capacity 133177K, committed 133552K, reserved 1165312K
  class space    used 16050K, capacity 17286K, committed 17408K, reserved 1048576K
}
Event: 1017.473 GC heap after
{Heap after GC invocations=126 (full 0):
 garbage-first heap   total 391168K, used 234545K [0x0000000080000000, 0x0000000100000000)
  region size 1024K, 7 young (7168K), 7 survivors (7168K)
 Metaspace       used 129499K, capacity 133177K, committed 133552K, reserved 1165312K
  class space    used 16050K, capacity 17286K, committed 17408K, reserved 1048576K
}
Event: 1018.418 GC heap before
{Heap before GC invocations=127 (full 0):
 garbage-first heap   total 391168K, used 272433K [0x0000000080000000, 0x0000000100000000)
  region size 1024K, 56 young (57344K), 7 survivors (7168K)
 Metaspace       used 130326K, capacity 133991K, committed 134064K, reserved 1165312K
  class space    used 16108K, capacity 17384K, committed 17408K, reserved 1048576K
}
Event: 1018.429 GC heap after
{Heap after GC invocations=128 (full 0):
 garbage-first heap   total 391168K, used 224204K [0x0000000080000000, 0x0000000100000000)
  region size 1024K, 2 young (2048K), 2 survivors (2048K)
 Metaspace       used 130326K, capacity 133991K, committed 134064K, reserved 1165312K
  class space    used 16108K, capacity 17384K, committed 17408K, reserved 1048576K
}
Event: 1018.917 GC heap before
{Heap before GC invocations=128 (full 0):
 garbage-first heap   total 391168K, used 240588K [0x0000000080000000, 0x0000000100000000)
  region size 1024K, 19 young (19456K), 2 survivors (2048K)
 Metaspace       used 130883K, capacity 134580K, committed 134704K, reserved 1167360K
  class space    used 16176K, capacity 17451K, committed 17536K, reserved 1048576K
}
Event: 1018.935 GC heap after
{Heap after GC invocations=129 (full 0):
 garbage-first heap   total 391168K, used 199858K [0x0000000080000000, 0x0000000100000000)
  region size 1024K, 2 young (2048K), 2 survivors (2048K)
 Metaspace       used 130883K, capacity 134580K, committed 134704K, reserved 1167360K
  class space    used 16176K, capacity 17451K, committed 17536K, reserved 1048576K
}
Event: 1020.236 GC heap before
{Heap before GC invocations=129 (full 0):
 garbage-first heap   total 391168K, used 265394K [0x0000000080000000, 0x0000000100000000)
  region size 1024K, 67 young (68608K), 2 survivors (2048K)
 Metaspace       used 131912K, capacity 135591K, committed 135856K, reserved 1167360K
  class space    used 16267K, capacity 17539K, committed 17664K, reserved 1048576K
}
Event: 1020.250 GC heap after
{Heap after GC invocations=130 (full 0):
 garbage-first heap   total 391168K, used 204137K [0x0000000080000000, 0x0000000100000000)
  region size 1024K, 6 young (6144K), 6 survivors (6144K)
 Metaspace       used 131912K, capacity 135591K, committed 135856K, reserved 1167360K
  class space    used 16267K, capacity 17539K, committed 17664K, reserved 1048576K
}
Event: 1021.738 GC heap before
{Heap before GC invocations=131 (full 0):
 garbage-first heap   total 391168K, used 277865K [0x0000000080000000, 0x0000000100000000)
  region size 1024K, 84 young (86016K), 6 survivors (6144K)
 Metaspace       used 138506K, capacity 142279K, committed 142384K, reserved 1173504K
  class space    used 17119K, capacity 18465K, committed 18560K, reserved 1048576K
}
Event: 1021.755 GC heap after
{Heap after GC invocations=132 (full 0):
 garbage-first heap   total 391168K, used 206785K [0x0000000080000000, 0x0000000100000000)
  region size 1024K, 11 young (11264K), 11 survivors (11264K)
 Metaspace       used 138506K, capacity 142279K, committed 142384K, reserved 1173504K
  class space    used 17119K, capacity 18465K, committed 18560K, reserved 1048576K
}
Event: 1021.965 GC heap before
{Heap before GC invocations=132 (full 0):
 garbage-first heap   total 391168K, used 213953K [0x0000000080000000, 0x0000000100000000)
  region size 1024K, 19 young (19456K), 11 survivors (11264K)
 Metaspace       used 140323K, capacity 144246K, committed 144432K, reserved 1175552K
  class space    used 17411K, capacity 18761K, committed 18816K, reserved 1048576K
}
Event: 1021.986 GC heap after
{Heap after GC invocations=133 (full 0):
 garbage-first heap   total 391168K, used 198198K [0x0000000080000000, 0x0000000100000000)
  region size 1024K, 2 young (2048K), 2 survivors (2048K)
 Metaspace       used 140323K, capacity 144246K, committed 144432K, reserved 1175552K
  class space    used 17411K, capacity 18761K, committed 18816K, reserved 1048576K
}
Event: 1023.448 GC heap before
{Heap before GC invocations=133 (full 0):
 garbage-first heap   total 391168K, used 286262K [0x0000000080000000, 0x0000000100000000)
  region size 1024K, 88 young (90112K), 2 survivors (2048K)
 Metaspace       used 143753K, capacity 147801K, committed 148016K, reserved 1177600K
  class space    used 17799K, capacity 19238K, committed 19328K, reserved 1048576K
}
Event: 1023.458 GC heap after
{Heap after GC invocations=134 (full 0):
 garbage-first heap   total 391168K, used 197494K [0x0000000080000000, 0x0000000100000000)
  region size 1024K, 1 young (1024K), 1 survivors (1024K)
 Metaspace       used 143753K, capacity 147801K, committed 148016K, reserved 1177600K
  class space    used 17799K, capacity 19238K, committed 19328K, reserved 1048576K
}

